
Start-Date: 2023-08-09  01:37:43
Commandline: apt upgrade
Install: rtkit:amd64 (0.13-5, automatic)
Upgrade: gazelle-installer-data-mx:amd64 (23.07.03mx23, 23.08mx23), lo-main-helper:amd64 (23.07.25mx23, 23.08.05mx23), libjavascriptcoregtk-4.1-0:amd64 (2.40.3-2~deb12u2, 2.40.5-1~deb12u1), thunderbird:amd64 (1:102.13.1-1~deb12u1, 1:102.14.0-1~deb12u1), gir1.2-javascriptcoregtk-4.0:amd64 (2.40.3-2~deb12u2, 2.40.5-1~deb12u1), gir1.2-webkit2-4.0:amd64 (2.40.3-2~deb12u2, 2.40.5-1~deb12u1), mx-repo-manager:amd64 (23.7.01, 23.8.02), mx23-artwork:amd64 (23.07.01, 23.07.02), firefox:amd64 (115.0.3~mozillabinaries-1mx23+1, 116.0.2~mozillabinaries-1mx23+1), pipewire-setup-mx:amd64 (23.05.10, 23.08.01), libjavascriptcoregtk-4.0-18:amd64 (2.40.3-2~deb12u2, 2.40.5-1~deb12u1), mx-packageinstaller-pkglist:amd64 (23.07.25mx23, 23.08.05mx23), libwebkit2gtk-4.1-0:amd64 (2.40.3-2~deb12u2, 2.40.5-1~deb12u1), mx-remaster:amd64 (23.05.01, 23.05.02mx23), mx-bootrepair:amd64 (23.7, 23.8), mx-goodies:amd64 (23.07.01, 23.07.02), mx-installer:amd64 (23.7.14mx23, 23.8.01mx23), user-installed-packages:amd64 (23.07.02, 23.08.01), mx-system:amd64 (23.07.09mx23, 23.07.10mx23), libwebkit2gtk-4.0-37:amd64 (2.40.3-2~deb12u2, 2.40.5-1~deb12u1), deb-installer:amd64 (23.7, 23.8), formatusb:amd64 (23.07.01, 23.07.02)
End-Date: 2023-08-09  01:38:13

Start-Date: 2023-08-09  01:38:19
Commandline: apt remove mx-welcome
Remove: mx-welcome:amd64 (23.05.02), mx-apps:amd64 (23.07.02mx23)
End-Date: 2023-08-09  01:38:20

Start-Date: 2023-08-09  01:38:35
Commandline: apt install firefox-l10n-xpi-de firefox-l10n-xpi-es-es firefox-l10n-xpi-fr firefox-l10n-xpi-hi-in firefox-l10n-xpi-hr firefox-l10n-xpi-hu firefox-l10n-xpi-id firefox-l10n-xpi-it firefox-l10n-xpi-ja firefox-l10n-xpi-nl firefox-l10n-xpi-pt-br firefox-l10n-xpi-ru firefox-l10n-xpi-sv-se firefox-l10n-xpi-zh-tw
Install: firefox-l10n-xpi-hi-in:amd64 (116.0.2~mozillabinaries-1mx23+1), firefox-l10n-xpi-de:amd64 (116.0.2~mozillabinaries-1mx23+1), firefox-l10n-xpi-fr:amd64 (116.0.2~mozillabinaries-1mx23+1), firefox-l10n-xpi-hr:amd64 (116.0.2~mozillabinaries-1mx23+1), firefox-l10n-xpi-hu:amd64 (116.0.2~mozillabinaries-1mx23+1), firefox-l10n-xpi-id:amd64 (116.0.2~mozillabinaries-1mx23+1), firefox-l10n-xpi-it:amd64 (116.0.2~mozillabinaries-1mx23+1), firefox-l10n-xpi-ja:amd64 (116.0.2~mozillabinaries-1mx23+1), firefox-l10n-xpi-nl:amd64 (116.0.2~mozillabinaries-1mx23+1), firefox-l10n-xpi-ru:amd64 (116.0.2~mozillabinaries-1mx23+1), firefox-l10n-xpi-pt-br:amd64 (116.0.2~mozillabinaries-1mx23+1), firefox-l10n-xpi-zh-tw:amd64 (116.0.2~mozillabinaries-1mx23+1), firefox-l10n-xpi-sv-se:amd64 (116.0.2~mozillabinaries-1mx23+1), firefox-l10n-xpi-es-es:amd64 (116.0.2~mozillabinaries-1mx23+1)
End-Date: 2023-08-09  01:38:37

Start-Date: 2023-08-09  01:38:49
Commandline: apt install libreoffice-l10n-de libreoffice-l10n-es libreoffice-l10n-fr libreoffice-l10n-hi libreoffice-l10n-hr libreoffice-l10n-hu libreoffice-l10n-id libreoffice-l10n-it libreoffice-l10n-ja libreoffice-l10n-nl libreoffice-l10n-pt-br libreoffice-l10n-ru libreoffice-l10n-sv libreoffice-l10n-zh-cn libreoffice-l10n-zh-tw
Install: libreoffice-l10n-de:amd64 (4:7.4.7-1), libreoffice-l10n-es:amd64 (4:7.4.7-1), libreoffice-l10n-fr:amd64 (4:7.4.7-1), libreoffice-l10n-hi:amd64 (4:7.4.7-1), libreoffice-l10n-hr:amd64 (4:7.4.7-1), libreoffice-l10n-hu:amd64 (4:7.4.7-1), libreoffice-l10n-id:amd64 (4:7.4.7-1), libreoffice-l10n-it:amd64 (4:7.4.7-1), libreoffice-l10n-ja:amd64 (4:7.4.7-1), libreoffice-l10n-nl:amd64 (4:7.4.7-1), libreoffice-l10n-ru:amd64 (4:7.4.7-1), libreoffice-l10n-sv:amd64 (4:7.4.7-1), libreoffice-l10n-pt-br:amd64 (4:7.4.7-1), libreoffice-l10n-zh-cn:amd64 (4:7.4.7-1), libreoffice-l10n-zh-tw:amd64 (4:7.4.7-1)
End-Date: 2023-08-09  01:39:35

Start-Date: 2023-08-09  01:40:08
Commandline: apt install thunderbird-l10n-de thunderbird-l10n-el thunderbird-l10n-es-es thunderbird-l10n-fr thunderbird-l10n-hr thunderbird-l10n-hu thunderbird-l10n-id thunderbird-l10n-it thunderbird-l10n-ja thunderbird-l10n-nl thunderbird-l10n-pt-br thunderbird-l10n-sv-se thunderbird-l10n-ru thunderbird-l10n-zh-cn thunderbird-l10n-zh-tw
Install: thunderbird-l10n-sv-se:amd64 (1:102.14.0-1~deb12u1), thunderbird-l10n-es-es:amd64 (1:102.14.0-1~deb12u1), thunderbird-l10n-de:amd64 (1:102.14.0-1~deb12u1), thunderbird-l10n-el:amd64 (1:102.14.0-1~deb12u1), thunderbird-l10n-fr:amd64 (1:102.14.0-1~deb12u1), thunderbird-l10n-hr:amd64 (1:102.14.0-1~deb12u1), thunderbird-l10n-hu:amd64 (1:102.14.0-1~deb12u1), thunderbird-l10n-id:amd64 (1:102.14.0-1~deb12u1), thunderbird-l10n-it:amd64 (1:102.14.0-1~deb12u1), thunderbird-l10n-ja:amd64 (1:102.14.0-1~deb12u1), thunderbird-l10n-nl:amd64 (1:102.14.0-1~deb12u1), thunderbird-l10n-ru:amd64 (1:102.14.0-1~deb12u1), thunderbird-l10n-pt-br:amd64 (1:102.14.0-1~deb12u1), thunderbird-l10n-zh-cn:amd64 (1:102.14.0-1~deb12u1), thunderbird-l10n-zh-tw:amd64 (1:102.14.0-1~deb12u1)
End-Date: 2023-08-09  01:40:10

Start-Date: 2023-08-09  01:40:27
Commandline: apt autoremove
Remove: mx-welcome-data:amd64 (23.06.01mx23)
End-Date: 2023-08-09  01:40:28
